This is pdfTeX, Version 3.141592653-2.6-1.40.26 (MiKTeX 24.4) (preloaded format=pdflatex 2024.11.14)  18 NOV 2024 08:11
entering extended mode
 restricted \write18 enabled.
 %&-line parsing enabled.
**./temp.tex
(temp.tex
LaTeX2e <2024-11-01>
L3 programming layer <2024-11-02>
(E:\MWEinst\MikTex\tex/latex/koma-script\scrlttr2.cls
Document Class: scrlttr2 2024/10/24 v3.43 KOMA-Script document class (letter)
(E:\MWEinst\MikTex\tex/latex/koma-script\scrkbase.sty
Package: scrkbase 2024/10/24 v3.43 KOMA-Script package (KOMA-Script-dependent b
asics and keyval usage)

(E:\MWEinst\MikTex\tex/latex/koma-script\scrbase.sty
Package: scrbase 2024/10/24 v3.43 KOMA-Script package (KOMA-Script-independent 
basics and keyval usage)

(E:\MWEinst\MikTex\tex/latex/koma-script\scrlfile.sty
Package: scrlfile 2024/10/24 v3.43 KOMA-Script package (file load hooks)

(E:\MWEinst\MikTex\tex/latex/koma-script\scrlfile-hook.sty
Package: scrlfile-hook 2024/10/24 v3.43 KOMA-Script package (using LaTeX hooks)


(E:\MWEinst\MikTex\tex/latex/koma-script\scrlogo.sty
Package: scrlogo 2024/10/24 v3.43 KOMA-Script package (logo)
)))
(E:\MWEinst\MikTex\tex/latex/graphics\keyval.sty
Package: keyval 2022/05/29 v1.15 key=value parser (DPC)
\KV@toks@=\toks17
)
Applying: [2021/05/01] Usage of raw or classic option list on input line 254.
Already applied: [0000/00/00] Usage of raw or classic option list on input line
 370.
))
Package scrlttr2 Info: You've used standard option `11pt'.
(scrlttr2)             This is correct!
(scrlttr2)             Internally I'm using `fontsize=11pt'.
(scrlttr2)             If you'd like to set the option with \KOMAoptions,
(scrlttr2)             you'd have to use `fontsize=11pt' there
(scrlttr2)             instead of `11pt', too.
Class scrlttr2 Info: File `scrsize11pt.clo' used to setup font sizes on input l
ine 2047.

(E:\MWEinst\MikTex\tex/latex/koma-script\scrsize11pt.clo
File: scrsize11pt.clo 2024/10/24 v3.43 KOMA-Script font size class option (11pt
)
)
(E:\MWEinst\MikTex\tex/latex/koma-script\typearea.sty
Package: typearea 2024/10/24 v3.43 KOMA-Script package (type area)
\ta@bcor=\skip49
\ta@div=\count196
Package typearea Info: You've used standard option `a4paper'.
(typearea)             This is correct!
(typearea)             Internally I'm using `paper=a4'.
(typearea)             If you'd like to set the option with \KOMAoptions,
(typearea)             you'd have to use `paper=a4' there
(typearea)             instead of `a4paper', too.
\ta@hblk=\skip50
\ta@vblk=\skip51
\ta@temp=\skip52
\footheight=\skip53
Package typearea Info: These are the values describing the layout:
(typearea)             DIV  = 10
(typearea)             BCOR = 0.0pt
(typearea)             \paperwidth      = 597.50793pt
(typearea)              \textwidth      = 418.25555pt
(typearea)              DIV departure   = -6%
(typearea)              \evensidemargin = 17.3562pt
(typearea)              \oddsidemargin  = 17.3562pt
(typearea)             \paperheight     = 845.04694pt
(typearea)              \textheight     = 595.80026pt
(typearea)              \topmargin      = -25.16531pt
(typearea)              \headheight     = 17.0pt
(typearea)              \headsep        = 20.40001pt
(typearea)              \topskip        = 11.0pt
(typearea)              \footskip       = 47.6pt
(typearea)              \baselineskip   = 13.6pt
(typearea)              on input line 1802.
)
\c@letter=\count197
)
Class scrlttr2 Info: Letter-Class-Option `DIN' loaded on input line 7.

(E:\MWEinst\MikTex\tex/latex/koma-script\DIN.lco
File: DIN.lco 2024/10/24 v3.43 KOMA-Script letter-class-option
)
(E:\MWEinst\MikTex\tex/latex/base\inputenc.sty
Package: inputenc 2024/02/08 v1.3d Input encoding file
\inpenc@prehook=\toks18
\inpenc@posthook=\toks19
)
(E:\MWEinst\MikTex\tex/latex/base\fontenc.sty
Package: fontenc 2021/04/29 v2.0v Standard LaTeX package
)
(E:\MWEinst\MikTex\tex/latex/lm\lmodern.sty
Package: lmodern 2015/05/01 v1.6.1 Latin Modern Fonts
LaTeX Font Info:    Overwriting symbol font `operators' in version `normal'
(Font)                  OT1/cmr/m/n --> OT1/lmr/m/n on input line 22.
LaTeX Font Info:    Overwriting symbol font `letters' in version `normal'
(Font)                  OML/cmm/m/it --> OML/lmm/m/it on input line 23.
LaTeX Font Info:    Overwriting symbol font `symbols' in version `normal'
(Font)                  OMS/cmsy/m/n --> OMS/lmsy/m/n on input line 24.
LaTeX Font Info:    Overwriting symbol font `largesymbols' in version `normal'
(Font)                  OMX/cmex/m/n --> OMX/lmex/m/n on input line 25.
LaTeX Font Info:    Overwriting symbol font `operators' in version `bold'
(Font)                  OT1/cmr/bx/n --> OT1/lmr/bx/n on input line 26.
LaTeX Font Info:    Overwriting symbol font `letters' in version `bold'
(Font)                  OML/cmm/b/it --> OML/lmm/b/it on input line 27.
LaTeX Font Info:    Overwriting symbol font `symbols' in version `bold'
(Font)                  OMS/cmsy/b/n --> OMS/lmsy/b/n on input line 28.
LaTeX Font Info:    Overwriting symbol font `largesymbols' in version `bold'
(Font)                  OMX/cmex/m/n --> OMX/lmex/m/n on input line 29.
LaTeX Font Info:    Overwriting math alphabet `\mathbf' in version `normal'
(Font)                  OT1/cmr/bx/n --> OT1/lmr/bx/n on input line 31.
LaTeX Font Info:    Overwriting math alphabet `\mathsf' in version `normal'
(Font)                  OT1/cmss/m/n --> OT1/lmss/m/n on input line 32.
LaTeX Font Info:    Overwriting math alphabet `\mathit' in version `normal'
(Font)                  OT1/cmr/m/it --> OT1/lmr/m/it on input line 33.
LaTeX Font Info:    Overwriting math alphabet `\mathtt' in version `normal'
(Font)                  OT1/cmtt/m/n --> OT1/lmtt/m/n on input line 34.
LaTeX Font Info:    Overwriting math alphabet `\mathbf' in version `bold'
(Font)                  OT1/cmr/bx/n --> OT1/lmr/bx/n on input line 35.
LaTeX Font Info:    Overwriting math alphabet `\mathsf' in version `bold'
(Font)                  OT1/cmss/bx/n --> OT1/lmss/bx/n on input line 36.
LaTeX Font Info:    Overwriting math alphabet `\mathit' in version `bold'
(Font)                  OT1/cmr/bx/it --> OT1/lmr/bx/it on input line 37.
LaTeX Font Info:    Overwriting math alphabet `\mathtt' in version `bold'
(Font)                  OT1/cmtt/m/n --> OT1/lmtt/m/n on input line 38.
)

Class scrlttr2 Warning: \date changes the internal \LaTeX date only.
(scrlttr2)              You should note that this changes the default
(scrlttr2)              value of variable `date' only as long as nobody
(scrlttr2)              uses `\setkomavar` to change the content of
(scrlttr2)              variable `date'.
(scrlttr2)              Therefore, usage of `\setkomavar' is recommended
(scrlttr2)              to change the letter's date on input line 28.

LaTeX Font Info:    Trying to load font information for T1+lmr on input line 30
.
(E:\MWEinst\MikTex\tex/latex/lm\t1lmr.fd
File: t1lmr.fd 2015/05/01 v1.6.1 Font defs for Latin Modern
)
(E:\MWEinst\MikTex\tex/latex/l3backend\l3backend-pdftex.def
File: l3backend-pdftex.def 2024-05-08 L3 backend support: PDF output (pdfTeX)
\l__color_backend_stack_int=\count198
\l__pdf_internal_box=\box52
) (temp.aux)
\openout1 = `temp.aux'.

LaTeX Font Info:    Checking defaults for OML/cmm/m/it on input line 30.
LaTeX Font Info:    ... okay on input line 30.
LaTeX Font Info:    Checking defaults for OMS/cmsy/m/n on input line 30.
LaTeX Font Info:    ... okay on input line 30.
LaTeX Font Info:    Checking defaults for OT1/cmr/m/n on input line 30.
LaTeX Font Info:    ... okay on input line 30.
LaTeX Font Info:    Checking defaults for T1/cmr/m/n on input line 30.
LaTeX Font Info:    ... okay on input line 30.
LaTeX Font Info:    Checking defaults for TS1/cmr/m/n on input line 30.
LaTeX Font Info:    ... okay on input line 30.
LaTeX Font Info:    Checking defaults for OMX/cmex/m/n on input line 30.
LaTeX Font Info:    ... okay on input line 30.
LaTeX Font Info:    Checking defaults for U/cmr/m/n on input line 30.
LaTeX Font Info:    ... okay on input line 30.
Package scrbase Info: activating english \yourrefname on input line 30.
Package scrbase Info: activating english \yourmailname on input line 30.
Package scrbase Info: activating english \myrefname on input line 30.
Package scrbase Info: activating english \customername on input line 30.
Package scrbase Info: activating english \invoicename on input line 30.
Package scrbase Info: activating english \subjectname on input line 30.
Package scrbase Info: activating english \ccname on input line 30.
Package scrbase Info: activating english \enclname on input line 30.
Package scrbase Info: activating english \headtoname on input line 30.
Package scrbase Info: activating english \headfromname on input line 30.
Package scrbase Info: activating english \datename on input line 30.
Package scrbase Info: activating english \pagename on input line 30.
Package scrbase Info: activating english \phonename on input line 30.
Package scrbase Info: activating english \mobilephonename on input line 30.
Package scrbase Info: activating english \faxname on input line 30.
Package scrbase Info: activating english \emailname on input line 30.
Package scrbase Info: activating english \wwwname on input line 30.
Package scrbase Info: activating english \bankname on input line 30.
Class scrlttr2 Info: no date found for language `american'
(scrlttr2)           --> skipped on input line 30.
Class scrlttr2 Info: no date found for language `australian'
(scrlttr2)           --> skipped on input line 30.
Class scrlttr2 Info: no date found for language `british'
(scrlttr2)           --> skipped on input line 30.
Class scrlttr2 Info: no date found for language `canadian'
(scrlttr2)           --> skipped on input line 30.
Class scrlttr2 Info: no date found for language `newzealand'
(scrlttr2)           --> skipped on input line 30.
Class scrlttr2 Info: no date found for language `UKenglish'
(scrlttr2)           --> skipped on input line 30.
Class scrlttr2 Info: no date found for language `ukenglish'
(scrlttr2)           --> skipped on input line 30.
Class scrlttr2 Info: no date found for language `USenglish'
(scrlttr2)           --> skipped on input line 30.
Class scrlttr2 Info: no date found for language `usenglish'
(scrlttr2)           --> skipped on input line 30.
Class scrlttr2 Info: no date found for language `german'
(scrlttr2)           --> skipped on input line 30.
Class scrlttr2 Info: no date found for language `ngerman'
(scrlttr2)           --> skipped on input line 30.
Class scrlttr2 Info: no date found for language `austrian'
(scrlttr2)           --> skipped on input line 30.
Class scrlttr2 Info: no date found for language `naustrian'
(scrlttr2)           --> skipped on input line 30.
Class scrlttr2 Info: no date found for language `swissgerman'
(scrlttr2)           --> skipped on input line 30.
Class scrlttr2 Info: no date found for language `nswissgerman'
(scrlttr2)           --> skipped on input line 30.
Class scrlttr2 Info: no date found for language `acadian'
(scrlttr2)           --> skipped on input line 30.
Class scrlttr2 Info: no date found for language `canadien'
(scrlttr2)           --> skipped on input line 30.
Class scrlttr2 Info: no date found for language `francais'
(scrlttr2)           --> skipped on input line 30.
Class scrlttr2 Info: no date found for language `french'
(scrlttr2)           --> skipped on input line 30.
Class scrlttr2 Info: no date found for language `italian'
(scrlttr2)           --> skipped on input line 30.
Class scrlttr2 Info: no date found for language `spanish'
(scrlttr2)           --> skipped on input line 30.
Class scrlttr2 Info: no date found for language `croatian'
(scrlttr2)           --> skipped on input line 30.
Class scrlttr2 Info: no date found for language `dutch'
(scrlttr2)           --> skipped on input line 30.
Class scrlttr2 Info: no date found for language `finnish'
(scrlttr2)           --> skipped on input line 30.
Class scrlttr2 Info: no date found for language `norsk'
(scrlttr2)           --> skipped on input line 30.
Class scrlttr2 Info: no date found for language `swedish'
(scrlttr2)           --> skipped on input line 30.
Class scrlttr2 Info: no date found for language `polish'
(scrlttr2)           --> skipped on input line 30.
Class scrlttr2 Info: no date found for language `czech'
(scrlttr2)           --> skipped on input line 30.
Class scrlttr2 Info: no date found for language `slovak'
(scrlttr2)           --> skipped on input line 30.
Class scrlttr2 Info: trying to activate captions and date
(scrlttr2)           of language `english' on input line 30.
Class scrlttr2 Info: used language is `english'.
(scrlttr2)           Supported languages are: `english', `UKenglish',
(scrlttr2)           `ukenglish', `british', `american', `USenglish',
(scrlttr2)           `usenglish', `australian`,`canadian', `newzealand',
(scrlttr2)           `german', `ngerman', `austrian', `naustrian',
(scrlttr2)           `swissgerman', `nswissgermsn',
(scrlttr2)           `acadian', `canadien', `francais', `french', 
(scrlttr2)           `dutch', `italian', `spanish', `polish',
(scrlttr2)           `croatian', `finnish', `norsk', `swedish',
(scrlttr2)           `czech', `slovak' on input line 30.
LaTeX Font Info:    Trying to load font information for OT1+lmr on input line 3
8.

(E:\MWEinst\MikTex\tex/latex/lm\ot1lmr.fd
File: ot1lmr.fd 2015/05/01 v1.6.1 Font defs for Latin Modern
)
LaTeX Font Info:    Trying to load font information for OML+lmm on input line 3
8.

(E:\MWEinst\MikTex\tex/latex/lm\omllmm.fd
File: omllmm.fd 2015/05/01 v1.6.1 Font defs for Latin Modern
)
LaTeX Font Info:    Trying to load font information for OMS+lmsy on input line 
38.

(E:\MWEinst\MikTex\tex/latex/lm\omslmsy.fd
File: omslmsy.fd 2015/05/01 v1.6.1 Font defs for Latin Modern
)
LaTeX Font Info:    Trying to load font information for OMX+lmex on input line 
38.

(E:\MWEinst\MikTex\tex/latex/lm\omxlmex.fd
File: omxlmex.fd 2015/05/01 v1.6.1 Font defs for Latin Modern
)
LaTeX Font Info:    External font `lmex10' loaded for size
(Font)              <10.95> on input line 38.
LaTeX Font Info:    External font `lmex10' loaded for size
(Font)              <8> on input line 38.
LaTeX Font Info:    External font `lmex10' loaded for size
(Font)              <6> on input line 38.
LaTeX Font Info:    Trying to load font information for T1+lmss on input line 3
8.

(E:\MWEinst\MikTex\tex/latex/lm\t1lmss.fd
File: t1lmss.fd 2015/05/01 v1.6.1 Font defs for Latin Modern
)

[1



{C:/Users/z004rxsw/AppData/Local/MiKTeX/fonts/map/pdftex/pdftex.map}{E:/MWEinst
/MikTex/fonts/enc/dvips/lm/lm-ec.enc}] (temp.aux)
 ***********
LaTeX2e <2024-11-01>
L3 programming layer <2024-11-02>
 ***********
 ) 
Here is how much of TeX's memory you used:
 2501 strings out of 473682
 47016 string characters out of 5731977
 575624 words of memory out of 5000000
 25594 multiletter control sequences out of 15000+600000
 581907 words of font info for 52 fonts, out of 8000000 for 9000
 1141 hyphenation exceptions out of 8191
 108i,8n,107p,402b,394s stack positions out of 10000i,1000n,20000p,200000b,200000s
<E:/MWEinst/MikTex/fonts/type1/public/lm/lmbx10.pfb><E:/MWEinst/MikTex/fonts/
type1/public/lm/lmr10.pfb><E:/MWEinst/MikTex/fonts/type1/public/lm/lmss8.pfb>
Output written on temp.pdf (1 page, 76306 bytes).
PDF statistics:
 22 PDF objects out of 1000 (max. 8388607)
 0 named destinations out of 1000 (max. 500000)
 1 words of extra memory for PDF output out of 10000 (max. 10000000)

